2014-09-29 01:02:41,830 - Log4JLogChute initialized using file 'velocity.log'
2014-09-29 01:02:41,831 - Velocity was not initialized! Calling init()...
2014-09-29 01:02:41,831 - Starting Apache Velocity v1.5 (compiled: 2007-02-22 08:52:29)
2014-09-29 01:02:41,831 - Default Properties File: org/apache/velocity/runtime/defaults/velocity.properties
2014-09-29 01:02:41,831 - Trying to use logger class org.apache.velocity.runtime.log.AvalonLogChute
2014-09-29 01:02:41,832 - Couldn't find class org.apache.velocity.runtime.log.AvalonLogChute or necessary supporting classes in classpath.
java.lang.NoClassDefFoundError: org/apache/log/format/Formatter
	at java.lang.Class.forName0(Native Method)
	at java.lang.Class.forName(Class.java:270)
	at org.apache.velocity.util.ClassUtils.getClass(ClassUtils.java:63)
	at org.apache.velocity.util.ClassUtils.getNewInstance(ClassUtils.java:95)
	at org.apache.velocity.runtime.log.LogManager.createLogChute(LogManager.java:147)
	at org.apache.velocity.runtime.log.LogManager.updateLog(LogManager.java:208)
	at org.apache.velocity.runtime.RuntimeInstance.initializeLog(RuntimeInstance.java:728)
	at org.apache.velocity.runtime.RuntimeInstance.init(RuntimeInstance.java:240)
	at org.apache.velocity.runtime.RuntimeInstance.parse(RuntimeInstance.java:993)
	at org.apache.velocity.runtime.RuntimeInstance.parse(RuntimeInstance.java:972)
	at org.apache.velocity.runtime.RuntimeSingleton.parse(RuntimeSingleton.java:265)
	at org.apache.velocity.app.Velocity.evaluate(Velocity.java:274)
	at com.amaljoyc.project.WeatherFormatter.format(WeatherFormatter.java:20)
	at com.amaljoyc.project.Main.start(Main.java:33)
	at com.amaljoyc.project.Main.main(Main.java:18)
	at sun.reflect.NativeMethodAccessorImpl.invoke0(Native Method)
	at sun.reflect.NativeMethodAccessorImpl.invoke(NativeMethodAccessorImpl.java:57)
	at sun.reflect.DelegatingMethodAccessorImpl.invoke(DelegatingMethodAccessorImpl.java:43)
	at java.lang.reflect.Method.invoke(Method.java:606)
	at org.codehaus.mojo.exec.ExecJavaMojo$1.run(ExecJavaMojo.java:293)
	at java.lang.Thread.run(Thread.java:744)
Caused by: java.lang.ClassNotFoundException: org.apache.log.format.Formatter
	at java.net.URLClassLoader$1.run(URLClassLoader.java:366)
	at java.net.URLClassLoader$1.run(URLClassLoader.java:355)
	at java.security.AccessController.doPrivileged(Native Method)
	at java.net.URLClassLoader.findClass(URLClassLoader.java:354)
	at java.lang.ClassLoader.loadClass(ClassLoader.java:425)
	at java.lang.ClassLoader.loadClass(ClassLoader.java:358)
	... 21 more
2014-09-29 01:02:41,834 - Trying to use logger class org.apache.velocity.runtime.log.Log4JLogChute
2014-09-29 01:02:41,834 - Using logger class org.apache.velocity.runtime.log.Log4JLogChute
2014-09-29 01:02:41,836 - Default ResourceManager initializing. (class org.apache.velocity.runtime.resource.ResourceManagerImpl)
2014-09-29 01:02:41,838 - ResourceLoader instantiated: org.apache.velocity.runtime.resource.loader.FileResourceLoader
2014-09-29 01:02:41,839 - Do unicode file recognition:  false
2014-09-29 01:02:41,840 - FileResourceLoader : adding path '.'
2014-09-29 01:02:41,850 - ResourceCache: initialized (class org.apache.velocity.runtime.resource.ResourceCacheImpl)
2014-09-29 01:02:41,851 - Loaded System Directive: org.apache.velocity.runtime.directive.Literal
2014-09-29 01:02:41,852 - Loaded System Directive: org.apache.velocity.runtime.directive.Macro
2014-09-29 01:02:41,853 - Loaded System Directive: org.apache.velocity.runtime.directive.Parse
2014-09-29 01:02:41,854 - Loaded System Directive: org.apache.velocity.runtime.directive.Include
2014-09-29 01:02:41,855 - Loaded System Directive: org.apache.velocity.runtime.directive.Foreach
2014-09-29 01:02:41,877 - Created '20' parsers.
2014-09-29 01:02:41,883 - Velocimacro : "velocimacro.library" is not set.  Trying default library: VM_global_library.vm
2014-09-29 01:02:41,883 - Velocimacro : Default library not found.
2014-09-29 01:02:41,883 - Velocimacro : allowInline = true : VMs can be defined inline in templates
2014-09-29 01:02:41,883 - Velocimacro : allowInlineToOverride = false : VMs defined inline may NOT replace previous VM definitions
2014-09-29 01:02:41,883 - Velocimacro : allowInlineLocal = false : VMs defined inline will be global in scope if allowed.
2014-09-29 01:02:41,883 - Velocimacro : autoload off : VM system will not automatically reload global library macros
2014-09-29 01:03:47,749 - Log4JLogChute initialized using file 'velocity.log'
2014-09-29 01:03:47,750 - Velocity was not initialized! Calling init()...
2014-09-29 01:03:47,750 - Starting Apache Velocity v1.5 (compiled: 2007-02-22 08:52:29)
2014-09-29 01:03:47,750 - Default Properties File: org/apache/velocity/runtime/defaults/velocity.properties
2014-09-29 01:03:47,750 - Trying to use logger class org.apache.velocity.runtime.log.AvalonLogChute
2014-09-29 01:03:47,751 - Couldn't find class org.apache.velocity.runtime.log.AvalonLogChute or necessary supporting classes in classpath.
java.lang.NoClassDefFoundError: org/apache/log/format/Formatter
	at java.lang.Class.forName0(Native Method)
	at java.lang.Class.forName(Class.java:270)
	at org.apache.velocity.util.ClassUtils.getClass(ClassUtils.java:63)
	at org.apache.velocity.util.ClassUtils.getNewInstance(ClassUtils.java:95)
	at org.apache.velocity.runtime.log.LogManager.createLogChute(LogManager.java:147)
	at org.apache.velocity.runtime.log.LogManager.updateLog(LogManager.java:208)
	at org.apache.velocity.runtime.RuntimeInstance.initializeLog(RuntimeInstance.java:728)
	at org.apache.velocity.runtime.RuntimeInstance.init(RuntimeInstance.java:240)
	at org.apache.velocity.runtime.RuntimeInstance.parse(RuntimeInstance.java:993)
	at org.apache.velocity.runtime.RuntimeInstance.parse(RuntimeInstance.java:972)
	at org.apache.velocity.runtime.RuntimeSingleton.parse(RuntimeSingleton.java:265)
	at org.apache.velocity.app.Velocity.evaluate(Velocity.java:274)
	at com.amaljoyc.project.WeatherFormatter.format(WeatherFormatter.java:20)
	at com.amaljoyc.project.Main.start(Main.java:33)
	at com.amaljoyc.project.Main.main(Main.java:18)
	at sun.reflect.NativeMethodAccessorImpl.invoke0(Native Method)
	at sun.reflect.NativeMethodAccessorImpl.invoke(NativeMethodAccessorImpl.java:57)
	at sun.reflect.DelegatingMethodAccessorImpl.invoke(DelegatingMethodAccessorImpl.java:43)
	at java.lang.reflect.Method.invoke(Method.java:606)
	at org.codehaus.mojo.exec.ExecJavaMojo$1.run(ExecJavaMojo.java:293)
	at java.lang.Thread.run(Thread.java:744)
Caused by: java.lang.ClassNotFoundException: org.apache.log.format.Formatter
	at java.net.URLClassLoader$1.run(URLClassLoader.java:366)
	at java.net.URLClassLoader$1.run(URLClassLoader.java:355)
	at java.security.AccessController.doPrivileged(Native Method)
	at java.net.URLClassLoader.findClass(URLClassLoader.java:354)
	at java.lang.ClassLoader.loadClass(ClassLoader.java:425)
	at java.lang.ClassLoader.loadClass(ClassLoader.java:358)
	... 21 more
2014-09-29 01:03:47,753 - Trying to use logger class org.apache.velocity.runtime.log.Log4JLogChute
2014-09-29 01:03:47,753 - Using logger class org.apache.velocity.runtime.log.Log4JLogChute
2014-09-29 01:03:47,755 - Default ResourceManager initializing. (class org.apache.velocity.runtime.resource.ResourceManagerImpl)
2014-09-29 01:03:47,758 - ResourceLoader instantiated: org.apache.velocity.runtime.resource.loader.FileResourceLoader
2014-09-29 01:03:47,759 - Do unicode file recognition:  false
2014-09-29 01:03:47,759 - FileResourceLoader : adding path '.'
2014-09-29 01:03:47,770 - ResourceCache: initialized (class org.apache.velocity.runtime.resource.ResourceCacheImpl)
2014-09-29 01:03:47,771 - Loaded System Directive: org.apache.velocity.runtime.directive.Literal
2014-09-29 01:03:47,772 - Loaded System Directive: org.apache.velocity.runtime.directive.Macro
2014-09-29 01:03:47,773 - Loaded System Directive: org.apache.velocity.runtime.directive.Parse
2014-09-29 01:03:47,774 - Loaded System Directive: org.apache.velocity.runtime.directive.Include
2014-09-29 01:03:47,775 - Loaded System Directive: org.apache.velocity.runtime.directive.Foreach
2014-09-29 01:03:47,798 - Created '20' parsers.
2014-09-29 01:03:47,804 - Velocimacro : "velocimacro.library" is not set.  Trying default library: VM_global_library.vm
2014-09-29 01:03:47,805 - Velocimacro : Default library not found.
2014-09-29 01:03:47,805 - Velocimacro : allowInline = true : VMs can be defined inline in templates
2014-09-29 01:03:47,805 - Velocimacro : allowInlineToOverride = false : VMs defined inline may NOT replace previous VM definitions
2014-09-29 01:03:47,805 - Velocimacro : allowInlineLocal = false : VMs defined inline will be global in scope if allowed.
2014-09-29 01:03:47,805 - Velocimacro : autoload off : VM system will not automatically reload global library macros
2014-09-29 01:04:04,906 - Log4JLogChute initialized using file 'velocity.log'
2014-09-29 01:04:04,907 - Velocity was not initialized! Calling init()...
2014-09-29 01:04:04,907 - Starting Apache Velocity v1.5 (compiled: 2007-02-22 08:52:29)
2014-09-29 01:04:04,907 - Default Properties File: org/apache/velocity/runtime/defaults/velocity.properties
2014-09-29 01:04:04,907 - Trying to use logger class org.apache.velocity.runtime.log.AvalonLogChute
2014-09-29 01:04:04,908 - Couldn't find class org.apache.velocity.runtime.log.AvalonLogChute or necessary supporting classes in classpath.
java.lang.NoClassDefFoundError: org/apache/log/format/Formatter
	at java.lang.Class.forName0(Native Method)
	at java.lang.Class.forName(Class.java:270)
	at org.apache.velocity.util.ClassUtils.getClass(ClassUtils.java:63)
	at org.apache.velocity.util.ClassUtils.getNewInstance(ClassUtils.java:95)
	at org.apache.velocity.runtime.log.LogManager.createLogChute(LogManager.java:147)
	at org.apache.velocity.runtime.log.LogManager.updateLog(LogManager.java:208)
	at org.apache.velocity.runtime.RuntimeInstance.initializeLog(RuntimeInstance.java:728)
	at org.apache.velocity.runtime.RuntimeInstance.init(RuntimeInstance.java:240)
	at org.apache.velocity.runtime.RuntimeInstance.parse(RuntimeInstance.java:993)
	at org.apache.velocity.runtime.RuntimeInstance.parse(RuntimeInstance.java:972)
	at org.apache.velocity.runtime.RuntimeSingleton.parse(RuntimeSingleton.java:265)
	at org.apache.velocity.app.Velocity.evaluate(Velocity.java:274)
	at com.amaljoyc.project.WeatherFormatter.format(WeatherFormatter.java:20)
	at com.amaljoyc.project.Main.start(Main.java:33)
	at com.amaljoyc.project.Main.main(Main.java:18)
	at sun.reflect.NativeMethodAccessorImpl.invoke0(Native Method)
	at sun.reflect.NativeMethodAccessorImpl.invoke(NativeMethodAccessorImpl.java:57)
	at sun.reflect.DelegatingMethodAccessorImpl.invoke(DelegatingMethodAccessorImpl.java:43)
	at java.lang.reflect.Method.invoke(Method.java:606)
	at org.codehaus.mojo.exec.ExecJavaMojo$1.run(ExecJavaMojo.java:293)
	at java.lang.Thread.run(Thread.java:744)
Caused by: java.lang.ClassNotFoundException: org.apache.log.format.Formatter
	at java.net.URLClassLoader$1.run(URLClassLoader.java:366)
	at java.net.URLClassLoader$1.run(URLClassLoader.java:355)
	at java.security.AccessController.doPrivileged(Native Method)
	at java.net.URLClassLoader.findClass(URLClassLoader.java:354)
	at java.lang.ClassLoader.loadClass(ClassLoader.java:425)
	at java.lang.ClassLoader.loadClass(ClassLoader.java:358)
	... 21 more
2014-09-29 01:04:04,910 - Trying to use logger class org.apache.velocity.runtime.log.Log4JLogChute
2014-09-29 01:04:04,910 - Using logger class org.apache.velocity.runtime.log.Log4JLogChute
2014-09-29 01:04:04,913 - Default ResourceManager initializing. (class org.apache.velocity.runtime.resource.ResourceManagerImpl)
2014-09-29 01:04:04,916 - ResourceLoader instantiated: org.apache.velocity.runtime.resource.loader.FileResourceLoader
2014-09-29 01:04:04,918 - Do unicode file recognition:  false
2014-09-29 01:04:04,918 - FileResourceLoader : adding path '.'
2014-09-29 01:04:04,932 - ResourceCache: initialized (class org.apache.velocity.runtime.resource.ResourceCacheImpl)
2014-09-29 01:04:04,933 - Loaded System Directive: org.apache.velocity.runtime.directive.Literal
2014-09-29 01:04:04,934 - Loaded System Directive: org.apache.velocity.runtime.directive.Macro
2014-09-29 01:04:04,936 - Loaded System Directive: org.apache.velocity.runtime.directive.Parse
2014-09-29 01:04:04,937 - Loaded System Directive: org.apache.velocity.runtime.directive.Include
2014-09-29 01:04:04,938 - Loaded System Directive: org.apache.velocity.runtime.directive.Foreach
2014-09-29 01:04:04,964 - Created '20' parsers.
2014-09-29 01:04:04,972 - Velocimacro : "velocimacro.library" is not set.  Trying default library: VM_global_library.vm
2014-09-29 01:04:04,972 - Velocimacro : Default library not found.
2014-09-29 01:04:04,972 - Velocimacro : allowInline = true : VMs can be defined inline in templates
2014-09-29 01:04:04,972 - Velocimacro : allowInlineToOverride = false : VMs defined inline may NOT replace previous VM definitions
2014-09-29 01:04:04,972 - Velocimacro : allowInlineLocal = false : VMs defined inline will be global in scope if allowed.
2014-09-29 01:04:04,972 - Velocimacro : autoload off : VM system will not automatically reload global library macros
2014-09-29 01:04:46,171 - Log4JLogChute initialized using file 'velocity.log'
2014-09-29 01:04:46,172 - Velocity was not initialized! Calling init()...
2014-09-29 01:04:46,172 - Starting Apache Velocity v1.5 (compiled: 2007-02-22 08:52:29)
2014-09-29 01:04:46,172 - Default Properties File: org/apache/velocity/runtime/defaults/velocity.properties
2014-09-29 01:04:46,172 - Trying to use logger class org.apache.velocity.runtime.log.AvalonLogChute
2014-09-29 01:04:46,173 - Couldn't find class org.apache.velocity.runtime.log.AvalonLogChute or necessary supporting classes in classpath.
java.lang.NoClassDefFoundError: org/apache/log/format/Formatter
	at java.lang.Class.forName0(Native Method)
	at java.lang.Class.forName(Class.java:270)
	at org.apache.velocity.util.ClassUtils.getClass(ClassUtils.java:63)
	at org.apache.velocity.util.ClassUtils.getNewInstance(ClassUtils.java:95)
	at org.apache.velocity.runtime.log.LogManager.createLogChute(LogManager.java:147)
	at org.apache.velocity.runtime.log.LogManager.updateLog(LogManager.java:208)
	at org.apache.velocity.runtime.RuntimeInstance.initializeLog(RuntimeInstance.java:728)
	at org.apache.velocity.runtime.RuntimeInstance.init(RuntimeInstance.java:240)
	at org.apache.velocity.runtime.RuntimeInstance.parse(RuntimeInstance.java:993)
	at org.apache.velocity.runtime.RuntimeInstance.parse(RuntimeInstance.java:972)
	at org.apache.velocity.runtime.RuntimeSingleton.parse(RuntimeSingleton.java:265)
	at org.apache.velocity.app.Velocity.evaluate(Velocity.java:274)
	at com.amaljoyc.project.WeatherFormatter.format(WeatherFormatter.java:20)
	at com.amaljoyc.project.Main.start(Main.java:33)
	at com.amaljoyc.project.Main.main(Main.java:18)
	at sun.reflect.NativeMethodAccessorImpl.invoke0(Native Method)
	at sun.reflect.NativeMethodAccessorImpl.invoke(NativeMethodAccessorImpl.java:57)
	at sun.reflect.DelegatingMethodAccessorImpl.invoke(DelegatingMethodAccessorImpl.java:43)
	at java.lang.reflect.Method.invoke(Method.java:606)
	at org.codehaus.mojo.exec.ExecJavaMojo$1.run(ExecJavaMojo.java:293)
	at java.lang.Thread.run(Thread.java:744)
Caused by: java.lang.ClassNotFoundException: org.apache.log.format.Formatter
	at java.net.URLClassLoader$1.run(URLClassLoader.java:366)
	at java.net.URLClassLoader$1.run(URLClassLoader.java:355)
	at java.security.AccessController.doPrivileged(Native Method)
	at java.net.URLClassLoader.findClass(URLClassLoader.java:354)
	at java.lang.ClassLoader.loadClass(ClassLoader.java:425)
	at java.lang.ClassLoader.loadClass(ClassLoader.java:358)
	... 21 more
2014-09-29 01:04:46,175 - Trying to use logger class org.apache.velocity.runtime.log.Log4JLogChute
2014-09-29 01:04:46,175 - Using logger class org.apache.velocity.runtime.log.Log4JLogChute
2014-09-29 01:04:46,177 - Default ResourceManager initializing. (class org.apache.velocity.runtime.resource.ResourceManagerImpl)
2014-09-29 01:04:46,180 - ResourceLoader instantiated: org.apache.velocity.runtime.resource.loader.FileResourceLoader
2014-09-29 01:04:46,181 - Do unicode file recognition:  false
2014-09-29 01:04:46,181 - FileResourceLoader : adding path '.'
2014-09-29 01:04:46,193 - ResourceCache: initialized (class org.apache.velocity.runtime.resource.ResourceCacheImpl)
2014-09-29 01:04:46,195 - Loaded System Directive: org.apache.velocity.runtime.directive.Literal
2014-09-29 01:04:46,196 - Loaded System Directive: org.apache.velocity.runtime.directive.Macro
2014-09-29 01:04:46,198 - Loaded System Directive: org.apache.velocity.runtime.directive.Parse
2014-09-29 01:04:46,199 - Loaded System Directive: org.apache.velocity.runtime.directive.Include
2014-09-29 01:04:46,200 - Loaded System Directive: org.apache.velocity.runtime.directive.Foreach
2014-09-29 01:04:46,226 - Created '20' parsers.
2014-09-29 01:04:46,232 - Velocimacro : "velocimacro.library" is not set.  Trying default library: VM_global_library.vm
2014-09-29 01:04:46,233 - Velocimacro : Default library not found.
2014-09-29 01:04:46,233 - Velocimacro : allowInline = true : VMs can be defined inline in templates
2014-09-29 01:04:46,233 - Velocimacro : allowInlineToOverride = false : VMs defined inline may NOT replace previous VM definitions
2014-09-29 01:04:46,233 - Velocimacro : allowInlineLocal = false : VMs defined inline will be global in scope if allowed.
2014-09-29 01:04:46,233 - Velocimacro : autoload off : VM system will not automatically reload global library macros
2014-09-29 01:09:40,646 - Log4JLogChute initialized using file 'velocity.log'
2014-09-29 01:09:40,647 - Velocity was not initialized! Calling init()...
2014-09-29 01:09:40,647 - Starting Apache Velocity v1.5 (compiled: 2007-02-22 08:52:29)
2014-09-29 01:09:40,647 - Default Properties File: org/apache/velocity/runtime/defaults/velocity.properties
2014-09-29 01:09:40,647 - Trying to use logger class org.apache.velocity.runtime.log.AvalonLogChute
2014-09-29 01:09:40,649 - Couldn't find class org.apache.velocity.runtime.log.AvalonLogChute or necessary supporting classes in classpath.
java.lang.NoClassDefFoundError: org/apache/log/format/Formatter
	at java.lang.Class.forName0(Native Method)
	at java.lang.Class.forName(Class.java:270)
	at org.apache.velocity.util.ClassUtils.getClass(ClassUtils.java:63)
	at org.apache.velocity.util.ClassUtils.getNewInstance(ClassUtils.java:95)
	at org.apache.velocity.runtime.log.LogManager.createLogChute(LogManager.java:147)
	at org.apache.velocity.runtime.log.LogManager.updateLog(LogManager.java:208)
	at org.apache.velocity.runtime.RuntimeInstance.initializeLog(RuntimeInstance.java:728)
	at org.apache.velocity.runtime.RuntimeInstance.init(RuntimeInstance.java:240)
	at org.apache.velocity.runtime.RuntimeInstance.parse(RuntimeInstance.java:993)
	at org.apache.velocity.runtime.RuntimeInstance.parse(RuntimeInstance.java:972)
	at org.apache.velocity.runtime.RuntimeSingleton.parse(RuntimeSingleton.java:265)
	at org.apache.velocity.app.Velocity.evaluate(Velocity.java:274)
	at com.amaljoyc.project.WeatherFormatter.format(WeatherFormatter.java:20)
	at com.amaljoyc.project.Main.start(Main.java:33)
	at com.amaljoyc.project.Main.main(Main.java:18)
	at sun.reflect.NativeMethodAccessorImpl.invoke0(Native Method)
	at sun.reflect.NativeMethodAccessorImpl.invoke(NativeMethodAccessorImpl.java:57)
	at sun.reflect.DelegatingMethodAccessorImpl.invoke(DelegatingMethodAccessorImpl.java:43)
	at java.lang.reflect.Method.invoke(Method.java:606)
	at org.codehaus.mojo.exec.ExecJavaMojo$1.run(ExecJavaMojo.java:293)
	at java.lang.Thread.run(Thread.java:744)
Caused by: java.lang.ClassNotFoundException: org.apache.log.format.Formatter
	at java.net.URLClassLoader$1.run(URLClassLoader.java:366)
	at java.net.URLClassLoader$1.run(URLClassLoader.java:355)
	at java.security.AccessController.doPrivileged(Native Method)
	at java.net.URLClassLoader.findClass(URLClassLoader.java:354)
	at java.lang.ClassLoader.loadClass(ClassLoader.java:425)
	at java.lang.ClassLoader.loadClass(ClassLoader.java:358)
	... 21 more
2014-09-29 01:09:40,650 - Trying to use logger class org.apache.velocity.runtime.log.Log4JLogChute
2014-09-29 01:09:40,650 - Using logger class org.apache.velocity.runtime.log.Log4JLogChute
2014-09-29 01:09:40,652 - Default ResourceManager initializing. (class org.apache.velocity.runtime.resource.ResourceManagerImpl)
2014-09-29 01:09:40,656 - ResourceLoader instantiated: org.apache.velocity.runtime.resource.loader.FileResourceLoader
2014-09-29 01:09:40,657 - Do unicode file recognition:  false
2014-09-29 01:09:40,657 - FileResourceLoader : adding path '.'
2014-09-29 01:09:40,668 - ResourceCache: initialized (class org.apache.velocity.runtime.resource.ResourceCacheImpl)
2014-09-29 01:09:40,670 - Loaded System Directive: org.apache.velocity.runtime.directive.Literal
2014-09-29 01:09:40,671 - Loaded System Directive: org.apache.velocity.runtime.directive.Macro
2014-09-29 01:09:40,672 - Loaded System Directive: org.apache.velocity.runtime.directive.Parse
2014-09-29 01:09:40,673 - Loaded System Directive: org.apache.velocity.runtime.directive.Include
2014-09-29 01:09:40,674 - Loaded System Directive: org.apache.velocity.runtime.directive.Foreach
2014-09-29 01:09:40,696 - Created '20' parsers.
2014-09-29 01:09:40,703 - Velocimacro : "velocimacro.library" is not set.  Trying default library: VM_global_library.vm
2014-09-29 01:09:40,703 - Velocimacro : Default library not found.
2014-09-29 01:09:40,703 - Velocimacro : allowInline = true : VMs can be defined inline in templates
2014-09-29 01:09:40,703 - Velocimacro : allowInlineToOverride = false : VMs defined inline may NOT replace previous VM definitions
2014-09-29 01:09:40,703 - Velocimacro : allowInlineLocal = false : VMs defined inline will be global in scope if allowed.
2014-09-29 01:09:40,703 - Velocimacro : autoload off : VM system will not automatically reload global library macros
